Step: build-step-credential-initializer:

{"level":"warn","ts":1548398190.769811,"logger":"fallback-logger","caller":"logging/config.go:65","msg":"Fetch GitHub commit ID from kodata failed: \"ref: refs/heads/test\" is not a valid GitHub commit ID"}
{"level":"info","ts":1548398190.774496,"logger":"fallback-logger","caller":"creds-init/main.go:40","msg":"Credentials initialized."}
Step: build-step-git-source-0:

{"level":"warn","ts":1548398193.9533854,"logger":"fallback-logger","caller":"logging/config.go:65","msg":"Fetch GitHub commit ID from kodata failed: \"ref: refs/heads/test\" is not a valid GitHub commit ID"}
{"level":"info","ts":1548398195.1275127,"logger":"fallback-logger","caller":"git-init/main.go:92","msg":"Successfully cloned \"https://github.com/jstrachan/environment-bdd-prow-gke-100-staging.git\" @ \"0c5ac82ca0a40ea9ccabd0340999ed1e13c14981\" in path \"/workspace\""}
Step: build-step-apply:

Modified file /workspace/env/Chart.yaml to set the chart to version 1
Adding missing Helm repo: releases http://jenkins-x-chartmuseum:8080
Successfully added Helm repository releases.
Adding missing Helm repo: jenkins-x http://chartmuseum.jenkins-x.io
Successfully added Helm repository jenkins-x.
Applying helm chart at . as release name jx to namespace jx-staging
Ignoring templates/.gitignore
Wrote chart values.yaml values.yaml generated from directory tree
Using values files: values.yaml
Applying generated chart . YAML via kubectl in dir: /tmp/helm-template-workdir-888829722/jx/output
deployment.extensions/jx-bdd-spring-1548397842 created
release.jenkins.io/bdd-spring-1548397842-0.0.1 created
service/bdd-spring-1548397842 created
role.rbac.authorization.k8s.io/cleanup created
rolebinding.rbac.authorization.k8s.io/cleanup created
serviceaccount/cleanup created
configmap/exposecontroller created
role.rbac.authorization.k8s.io/expose created
rolebinding.rbac.authorization.k8s.io/expose created
serviceaccount/expose created
Applying Helm hook post-upgrade YAML via kubectl in file: /tmp/helm-template-workdir-888829722/jx/helmHooks/env/charts/expose/templates/job.yaml
job.batch/expose created
Waiting for helm post-upgrade hook Job expose to complete before removing it
Deleting helm hook sources from file: /tmp/helm-template-workdir-888829722/jx/helmHooks/env/charts/expose/templates/job.yaml
job.batch "expose" deleted
Removing Kubernetes resources from older releases using selector: jenkins.io/chart-release=jx,jenkins.io/version!=1
